Debug msg
Debug msg
INFO msg
INFO msg
WARNING msg
WARNING msg
ERROR MSG
ERROR MSG
CRITICAL msg
CRITICAL msg
Information
Information
Critical Info
Critical Info
Debug msg
Debug msg
Debug msg
INFO msg
INFO msg
INFO msg
WARNING msg
WARNING msg
WARNING msg
ERROR MSG
ERROR MSG
ERROR MSG
CRITICAL msg
CRITICAL msg
CRITICAL msg
Debug msg
Debug msg
Debug msg
INFO msg
INFO msg
INFO msg
WARNING msg
WARNING msg
WARNING msg
WARNING msg
ERROR MSG
ERROR MSG
ERROR MSG
ERROR MSG
CRITICAL msg
CRITICAL msg
CRITICAL msg
CRITICAL msg
WARNING msg
ERROR MSG
CRITICAL msg
WARNING msg
ERROR MSG
CRITICAL msg
WARNING msg
ERROR MSG
CRITICAL msg
